e:\homework\cad\repo\zbufferv1\zbufferv1\x64\release\zbufferv1.pch
e:\homework\cad\repo\zbufferv1\zbufferv1\x64\release\vc141.pdb
e:\homework\cad\repo\zbufferv1\zbufferv1\x64\release\pch.obj
e:\homework\cad\repo\zbufferv1\zbufferv1\x64\release\zbufferv1.obj
e:\homework\cad\repo\zbufferv1\zbufferv1\x64\release\vertex.obj
e:\homework\cad\repo\zbufferv1\zbufferv1\x64\release\tools.obj
e:\homework\cad\repo\zbufferv1\zbufferv1\x64\release\obj.obj
e:\homework\cad\repo\zbufferv1\zbufferv1\x64\release\noderegionacst.obj
e:\homework\cad\repo\zbufferv1\zbufferv1\x64\release\nodecst.obj
e:\homework\cad\repo\zbufferv1\zbufferv1\x64\release\nodecpt.obj
e:\homework\cad\repo\zbufferv1\zbufferv1\x64\release\nodeacst.obj
e:\homework\cad\repo\zbufferv1\zbufferv1\x64\release\nodeacpt.obj
e:\homework\cad\repo\zbufferv1\zbufferv1\x64\release\face.obj
e:\homework\cad\repo\zbufferv1\x64\release\zbufferv1.exe
e:\homework\cad\repo\zbufferv1\x64\release\zbufferv1.pdb
e:\homework\cad\repo\zbufferv1\x64\release\zbufferv1.ipdb
e:\homework\cad\repo\zbufferv1\x64\release\zbufferv1.iobj
e:\homework\cad\repo\zbufferv1\zbufferv1\x64\release\zbufferv1.tlog\cl.command.1.tlog
e:\homework\cad\repo\zbufferv1\zbufferv1\x64\release\zbufferv1.tlog\cl.read.1.tlog
e:\homework\cad\repo\zbufferv1\zbufferv1\x64\release\zbufferv1.tlog\cl.write.1.tlog
e:\homework\cad\repo\zbufferv1\zbufferv1\x64\release\zbufferv1.tlog\link.command.1.tlog
e:\homework\cad\repo\zbufferv1\zbufferv1\x64\release\zbufferv1.tlog\link.read.1.tlog
e:\homework\cad\repo\zbufferv1\zbufferv1\x64\release\zbufferv1.tlog\link.write.1.tlog
e:\homework\cad\repo\zbufferv1\zbufferv1\x64\release\zbufferv1.tlog\zbufferv1.write.1u.tlog
